<?xml version="1.0" encoding="UTF-8"?>
<!-- Generated by org.testng.reporters.JUnitXMLReporter -->
<testsuite hostname="user-PC" name="Default test" tests="3" failures="0" timestamp="20 Sep 2020 15:45:19 GMT" time="105.072" errors="0">
  <testcase name="runScenario" time="35.966" classname="testRunner.runner"/>
  <testcase name="runScenario" time="31.025" classname="testRunner.runner"/>
  <testcase name="runScenario" time="36.324" classname="testRunner.runner"/>
</testsuite> <!-- Default test -->
