<?xml version="1.0" encoding="UTF-8"?>
<!-- Generated by org.testng.reporters.JUnitXMLReporter -->
<testsuite hostname="user-PC" name="Testfeature" tests="3" failures="0" timestamp="20 Sep 2020 17:03:18 GMT" time="138.833" errors="0">
  <testcase name="runScenario" time="61.336" classname="testRunner.runner"/>
  <testcase name="runScenario" time="40.928" classname="testRunner.runner"/>
  <testcase name="runScenario" time="34.109" classname="testRunner.runner"/>
</testsuite> <!-- Testfeature -->
