<?xml version="1.0" encoding="UTF-8"?>
<testng-results skipped="0" failed="0" total="3" passed="3">
  <reporter-output>
  </reporter-output>
  <suite name="Suite" duration-ms="138833" started-at="2020-09-20T17:00:59Z" finished-at="2020-09-20T17:03:18Z">
    <groups>
      <group name="cucumber">
        <method signature="AbstractTestNGCucumberTests.runScenario(io.cucumber.testng.PickleWrapper, io.cucumber.testng.FeatureWrapper)[pri:0, instance:testRunner.runner@12613d1]" name="runScenario" class="io.cucumber.testng.AbstractTestNGCucumberTests"/>
      </group> <!-- cucumber -->
    </groups>
    <test name="Testfeature" duration-ms="138833" started-at="2020-09-20T17:00:59Z" finished-at="2020-09-20T17:03:18Z">
      <class name="testRunner.runner">
        <test-method status="PASS" signature="setUpClass()[pri:0, instance:testRunner.runner@12613d1]" name="setUpClass" is-config="true" duration-ms="981" started-at="2020-09-20T22:30:59Z" finished-at="2020-09-20T22:31:00Z">
          <reporter-output>
          </reporter-output>
        </test-method> <!-- setUpClass -->
        <test-method status="PASS" signature="runScenario(io.cucumber.testng.PickleWrapper, io.cucumber.testng.FeatureWrapper)[pri:0, instance:testRunner.runner@12613d1]" name="runScenario" duration-ms="61336" started-at="2020-09-20T22:31:00Z" description="Runs Cucumber Scenarios" data-provider="scenarios" finished-at="2020-09-20T22:32:01Z">
          <params>
            <param index="0">
              <value>
                <![CDATA["Verifying Registration scenario"]]>
              </value>
            </param>
            <param index="1">
              <value>
                <![CDATA["Assignment1"]]>
              </value>
            </param>
          </params>
          <reporter-output>
          </reporter-output>
        </test-method> <!-- runScenario -->
        <test-method status="PASS" signature="runScenario(io.cucumber.testng.PickleWrapper, io.cucumber.testng.FeatureWrapper)[pri:0, instance:testRunner.runner@12613d1]" name="runScenario" duration-ms="40928" started-at="2020-09-20T22:32:02Z" description="Runs Cucumber Scenarios" data-provider="scenarios" finished-at="2020-09-20T22:32:43Z">
          <params>
            <param index="0">
              <value>
                <![CDATA["Verifying Login scenario"]]>
              </value>
            </param>
            <param index="1">
              <value>
                <![CDATA["Assignment1"]]>
              </value>
            </param>
          </params>
          <reporter-output>
          </reporter-output>
        </test-method> <!-- runScenario -->
        <test-method status="PASS" signature="runScenario(io.cucumber.testng.PickleWrapper, io.cucumber.testng.FeatureWrapper)[pri:0, instance:testRunner.runner@12613d1]" name="runScenario" duration-ms="34109" started-at="2020-09-20T22:32:43Z" description="Runs Cucumber Scenarios" data-provider="scenarios" finished-at="2020-09-20T22:33:17Z">
          <params>
            <param index="0">
              <value>
                <![CDATA["Verifying Forgot Password scenario and Password Reset"]]>
              </value>
            </param>
            <param index="1">
              <value>
                <![CDATA["Assignment1"]]>
              </value>
            </param>
          </params>
          <reporter-output>
          </reporter-output>
        </test-method> <!-- runScenario -->
        <test-method status="PASS" signature="tearDownClass()[pri:0, instance:testRunner.runner@12613d1]" name="tearDownClass" is-config="true" duration-ms="750" started-at="2020-09-20T22:33:17Z" finished-at="2020-09-20T22:33:18Z">
          <reporter-output>
          </reporter-output>
        </test-method> <!-- tearDownClass -->
      </class> <!-- testRunner.runner -->
    </test> <!-- Testfeature -->
  </suite> <!-- Suite -->
</testng-results>
